<?xml version="1.0" encoding="UTF-8" ?>
<testsuite tests="8" failures="0" name="br.com.userede.runner.ProjectTemplateRunnerTest" time="0.822" errors="0" skipped="0">
  <properties>
[...]
</properties>
  <testcase classname="| &quot;&quot; | &quot;&quot; | &quot;&quot; | &quot;&quot; | &quot;&quot; |" name="Dado que estou na tela BuyerOnboardingView eu toco no botão criar conta" time="0.003"/>
  <testcase classname="| &quot;&quot; | &quot;&quot; | &quot;&quot; | &quot;&quot; | &quot;&quot; |" name="Quando a tela de BuyerNewAccountNameAndEmailView é exibida" time="0"/>
  <testcase classname="| &quot;&quot; | &quot;&quot; | &quot;&quot; | &quot;&quot; | &quot;&quot; |" name="Então os campos nome e email devem ser exibidos para o buyer" time="0"/>
  <testcase classname="| &quot;&quot; | &quot;&quot; | &quot;&quot; | &quot;&quot; | &quot;&quot; |" name="Quando eu preencho os campos nome e email com dados válidos, respectivamente &quot;&quot; e &quot;&quot;" time="0"/>
  <testcase classname="| &quot;&quot; | &quot;&quot; | &quot;&quot; | &quot;&quot; | &quot;&quot; |" name="E eu toco no botão continuar na tela NewAccountNameAndEmailView" time="0.001"/>
  <testcase classname="| &quot;&quot; | &quot;&quot; | &quot;&quot; | &quot;&quot; | &quot;&quot; |" name="E a tela de NewAccountCPFAndCellphoneView é exibida" time="0.001"/>
  <testcase classname="| &quot;&quot; | &quot;&quot; | &quot;&quot; | &quot;&quot; | &quot;&quot; |" name="Então os campos cpf e celular devem ser exibidos" time="0"/>
  <testcase classname="| &quot;&quot; | &quot;&quot; | &quot;&quot; | &quot;&quot; | &quot;&quot; |" name="| &quot;&quot; | &quot;&quot; | &quot;&quot; | &quot;&quot; | &quot;&quot; |" time="0.817"/>
</testsuite>